2018-05-13 15:05:52,301 0      [           main] INFO  ClassPathXmlApplicationContext  - Refreshing org.springframework.context.support.ClassPathXmlApplicationContext@7f81f91a: startup date [Sun May 13 15:05:52 CST 2018]; root of context hierarchy
2018-05-13 15:05:52,343 42     [           main] INFO  ry.xml.XmlBeanDefinitionReader  - Loading XML bean definitions from class path resource [applicationContext-dao.xml]
2018-05-13 15:05:52,651 350    [           main] WARN  ClassPathXmlApplicationContext  - Exception encountered during context initialization - cancelling refresh attempt: org.springframework.beans.factory.BeanCreationException: Error creating bean with name 'sessionFactory' defined in class path resource [applicationContext-dao.xml]: Cannot resolve reference to bean 'dataSource' while setting bean property 'dataSource'; nested exception is org.springframework.beans.factory.NoSuchBeanDefinitionException: No bean named 'dataSource' is defined
2018-05-13 15:14:20,383 0      [           main] INFO  ClassPathXmlApplicationContext  - Refreshing org.springframework.context.support.ClassPathXmlApplicationContext@2e095b5c: startup date [Sun May 13 15:14:20 CST 2018]; root of context hierarchy
2018-05-13 15:14:20,419 36     [           main] INFO  ry.xml.XmlBeanDefinitionReader  - Loading XML bean definitions from class path resource [applicationContext-dao.xml]
2018-05-13 15:14:20,721 338    [           main] WARN  ClassPathXmlApplicationContext  - Exception encountered during context initialization - cancelling refresh attempt: org.springframework.beans.factory.BeanCreationException: Error creating bean with name 'sessionFactory' defined in class path resource [applicationContext-dao.xml]: Cannot resolve reference to bean 'dataSource' while setting bean property 'dataSource'; nested exception is org.springframework.beans.factory.NoSuchBeanDefinitionException: No bean named 'dataSource' is defined
2018-05-13 15:17:06,592 0      [           main] INFO  ClassPathXmlApplicationContext  - Refreshing org.springframework.context.support.ClassPathXmlApplicationContext@4586793e: startup date [Sun May 13 15:17:06 CST 2018]; root of context hierarchy
2018-05-13 15:17:06,633 41     [           main] INFO  ry.xml.XmlBeanDefinitionReader  - Loading XML bean definitions from class path resource [applicationContext-dao.xml]
2018-05-13 15:17:07,038 446    [           main] INFO           org.hibernate.Version  - HHH000412: Hibernate Core {5.0.7.Final}
2018-05-13 15:17:07,039 447    [           main] INFO   org.hibernate.cfg.Environment  - HHH000206: hibernate.properties not found
2018-05-13 15:17:07,041 449    [           main] INFO   org.hibernate.cfg.Environment  - HHH000021: Bytecode provider name : javassist
2018-05-13 15:17:11,478 4886   [           main] INFO  ate.annotations.common.Version  - HCANN000001: Hibernate Commons Annotations {5.0.1.Final}
2018-05-13 15:17:12,264 5672   [           main] INFO  al.ConnectionProviderInitiator  - HHH000130: Instantiating explicit connection provider: org.hibernate.connection.C3P0ConnectionProvider
2018-05-13 15:17:12,265 5673   [           main] WARN  ClassPathXmlApplicationContext  - Exception encountered during context initialization - cancelling refresh attempt: org.springframework.beans.factory.BeanCreationException: Error creating bean with name 'sessionFactory' defined in class path resource [applicationContext-dao.xml]: Invocation of init method failed; nested exception is org.hibernate.service.spi.ServiceException: Unable to create requested service [org.hibernate.engine.jdbc.connections.spi.ConnectionProvider]
2018-05-13 15:19:27,941 0      [           main] INFO  ClassPathXmlApplicationContext  - Refreshing org.springframework.context.support.ClassPathXmlApplicationContext@684d0ca0: startup date [Sun May 13 15:19:27 CST 2018]; root of context hierarchy
2018-05-13 15:19:27,982 41     [           main] INFO  ry.xml.XmlBeanDefinitionReader  - Loading XML bean definitions from class path resource [applicationContext-dao.xml]
2018-05-13 15:19:28,436 495    [           main] INFO           org.hibernate.Version  - HHH000412: Hibernate Core {5.0.7.Final}
2018-05-13 15:19:28,437 496    [           main] INFO   org.hibernate.cfg.Environment  - HHH000206: hibernate.properties not found
2018-05-13 15:19:28,438 497    [           main] INFO   org.hibernate.cfg.Environment  - HHH000021: Bytecode provider name : javassist
2018-05-13 15:19:28,663 722    [           main] INFO  ate.annotations.common.Version  - HCANN000001: Hibernate Commons Annotations {5.0.1.Final}
2018-05-13 15:19:29,454 1513   [           main] INFO  al.ConnectionProviderInitiator  - HHH000130: Instantiating explicit connection provider: org.hibernate.connection.C3P0ConnectionProvider
2018-05-13 15:19:29,455 1514   [           main] WARN  ClassPathXmlApplicationContext  - Exception encountered during context initialization - cancelling refresh attempt: org.springframework.beans.factory.BeanCreationException: Error creating bean with name 'sessionFactory' defined in class path resource [applicationContext-dao.xml]: Invocation of init method failed; nested exception is org.hibernate.service.spi.ServiceException: Unable to create requested service [org.hibernate.engine.jdbc.connections.spi.ConnectionProvider]
2018-05-13 15:23:53,442 0      [           main] INFO  ClassPathXmlApplicationContext  - Refreshing org.springframework.context.support.ClassPathXmlApplicationContext@2e095b5c: startup date [Sun May 13 15:23:53 CST 2018]; root of context hierarchy
2018-05-13 15:23:53,479 37     [           main] INFO  ry.xml.XmlBeanDefinitionReader  - Loading XML bean definitions from class path resource [applicationContext-dao.xml]
2018-05-13 15:23:53,879 437    [           main] INFO           org.hibernate.Version  - HHH000412: Hibernate Core {5.0.7.Final}
2018-05-13 15:23:53,880 438    [           main] INFO   org.hibernate.cfg.Environment  - HHH000206: hibernate.properties not found
2018-05-13 15:23:53,881 439    [           main] INFO   org.hibernate.cfg.Environment  - HHH000021: Bytecode provider name : javassist
2018-05-13 15:23:56,296 2854   [           main] INFO  ate.annotations.common.Version  - HCANN000001: Hibernate Commons Annotations {5.0.1.Final}
2018-05-13 15:23:57,067 3625   [           main] INFO  al.ConnectionProviderInitiator  - HHH000130: Instantiating explicit connection provider: org.hibernate.connection.C3P0ConnectionProvider
2018-05-13 15:23:57,068 3626   [           main] WARN  ClassPathXmlApplicationContext  - Exception encountered during context initialization - cancelling refresh attempt: org.springframework.beans.factory.BeanCreationException: Error creating bean with name 'sessionFactory' defined in class path resource [applicationContext-dao.xml]: Invocation of init method failed; nested exception is org.hibernate.service.spi.ServiceException: Unable to create requested service [org.hibernate.engine.jdbc.connections.spi.ConnectionProvider]
2018-05-13 15:27:56,052 0      [           main] INFO  ClassPathXmlApplicationContext  - Refreshing org.springframework.context.support.ClassPathXmlApplicationContext@2e095b5c: startup date [Sun May 13 15:27:56 CST 2018]; root of context hierarchy
2018-05-13 15:27:56,090 38     [           main] INFO  ry.xml.XmlBeanDefinitionReader  - Loading XML bean definitions from class path resource [applicationContext-dao.xml]
2018-05-13 15:27:56,502 450    [           main] INFO           org.hibernate.Version  - HHH000412: Hibernate Core {5.0.7.Final}
2018-05-13 15:27:56,504 452    [           main] INFO   org.hibernate.cfg.Environment  - HHH000206: hibernate.properties not found
2018-05-13 15:27:56,505 453    [           main] INFO   org.hibernate.cfg.Environment  - HHH000021: Bytecode provider name : javassist
2018-05-13 15:27:59,508 3456   [           main] INFO  ate.annotations.common.Version  - HCANN000001: Hibernate Commons Annotations {5.0.1.Final}
2018-05-13 15:28:00,286 4234   [           main] INFO  al.ConnectionProviderInitiator  - HHH000130: Instantiating explicit connection provider: org.hibernate.connection.C3P0ConnectionProvider
2018-05-13 15:28:00,287 4235   [           main] WARN  ClassPathXmlApplicationContext  - Exception encountered during context initialization - cancelling refresh attempt: org.springframework.beans.factory.BeanCreationException: Error creating bean with name 'sessionFactory' defined in class path resource [applicationContext-dao.xml]: Invocation of init method failed; nested exception is org.hibernate.service.spi.ServiceException: Unable to create requested service [org.hibernate.engine.jdbc.connections.spi.ConnectionProvider]
2018-05-13 15:33:02,407 0      [           main] INFO  ClassPathXmlApplicationContext  - Refreshing org.springframework.context.support.ClassPathXmlApplicationContext@684d0ca0: startup date [Sun May 13 15:33:02 CST 2018]; root of context hierarchy
2018-05-13 15:33:02,441 34     [           main] INFO  ry.xml.XmlBeanDefinitionReader  - Loading XML bean definitions from class path resource [applicationContext-dao.xml]
2018-05-13 15:33:02,849 442    [           main] INFO           org.hibernate.Version  - HHH000412: Hibernate Core {5.0.7.Final}
2018-05-13 15:33:02,850 443    [           main] INFO   org.hibernate.cfg.Environment  - HHH000206: hibernate.properties not found
2018-05-13 15:33:02,851 444    [           main] INFO   org.hibernate.cfg.Environment  - HHH000021: Bytecode provider name : javassist
2018-05-13 15:33:05,203 2796   [           main] INFO  ate.annotations.common.Version  - HCANN000001: Hibernate Commons Annotations {5.0.1.Final}
2018-05-13 15:33:05,972 3565   [           main] INFO  al.ConnectionProviderInitiator  - HHH000130: Instantiating explicit connection provider: org.hibernate.connection.C3P0ConnectionProvider
2018-05-13 15:33:05,972 3565   [           main] WARN  ClassPathXmlApplicationContext  - Exception encountered during context initialization - cancelling refresh attempt: org.springframework.beans.factory.BeanCreationException: Error creating bean with name 'sessionFactory' defined in class path resource [applicationContext-dao.xml]: Invocation of init method failed; nested exception is org.hibernate.service.spi.ServiceException: Unable to create requested service [org.hibernate.engine.jdbc.connections.spi.ConnectionProvider]
2018-05-13 15:38:23,973 0      [           main] INFO  ClassPathXmlApplicationContext  - Refreshing org.springframework.context.support.ClassPathXmlApplicationContext@4586793e: startup date [Sun May 13 15:38:23 CST 2018]; root of context hierarchy
2018-05-13 15:38:24,015 42     [           main] INFO  ry.xml.XmlBeanDefinitionReader  - Loading XML bean definitions from class path resource [applicationContext-dao.xml]
2018-05-13 15:38:24,292 319    [           main] INFO         com.mchange.v2.log.MLog  - MLog clients using log4j logging.
2018-05-13 15:38:24,459 486    [           main] INFO  m.mchange.v2.c3p0.C3P0Registry  - Initializing c3p0-0.9.1.2 [built 21-May-2007 15:04:56; debug? true; trace: 10]
2018-05-13 15:38:24,638 665    [           main] INFO           org.hibernate.Version  - HHH000412: Hibernate Core {5.0.7.Final}
2018-05-13 15:38:24,639 666    [           main] INFO   org.hibernate.cfg.Environment  - HHH000206: hibernate.properties not found
2018-05-13 15:38:24,640 667    [           main] INFO   org.hibernate.cfg.Environment  - HHH000021: Bytecode provider name : javassist
2018-05-13 15:38:30,294 6321   [           main] INFO  ate.annotations.common.Version  - HCANN000001: Hibernate Commons Annotations {5.0.1.Final}
2018-05-13 15:38:31,096 7123   [           main] INFO  l.AbstractPoolBackedDataSource  - Initializing c3p0 pool... com.mchange.v2.c3p0.ComboPooledDataSource [ acquireIncrement -> 3, acquireRetryAttempts -> 30, acquireRetryDelay -> 1000, autoCommitOnClose -> false, automaticTestTable -> null, breakAfterAcquireFailure -> false, checkoutTimeout -> 0, connectionCustomizerClassName -> null, connectionTesterClassName -> com.mchange.v2.c3p0.impl.DefaultConnectionTester, dataSourceName -> 1hgf4019vojd58mocqxui|2b0abe66, debugUnreturnedConnectionStackTraces -> false, description -> null, driverClass -> com.mysql.jdbc.Driver, factoryClassLocation -> null, forceIgnoreUnresolvedTransactions -> false, identityToken -> 1hgf4019vojd58mocqxui|2b0abe66, idleConnectionTestPeriod -> 0, initialPoolSize -> 3, jdbcUrl -> jdbc:mysql://127.0.0.1:3306/crm?characterEncoding=utf8, maxAdministrativeTaskTime -> 0, maxConnectionAge -> 0, maxIdleTime -> 0, maxIdleTimeExcessConnections -> 0, maxPoolSize -> 15, maxStatements -> 0, maxStatementsPerConnection -> 0, minPoolSize -> 3, numHelperThreads -> 3, numThreadsAwaitingCheckoutDefaultUser -> 0, preferredTestQuery -> null, properties -> {user=******, password=******}, propertyCycle -> 0, testConnectionOnCheckin -> false, testConnectionOnCheckout -> false, unreturnedConnectionTimeout -> 0, usesTraditionalReflectiveProxies -> false ]
2018-05-13 15:38:31,260 7287   [           main] INFO   org.hibernate.dialect.Dialect  - HHH000400: Using dialect: org.hibernate.dialect.MySQLDialect
2018-05-13 15:38:31,291 7318   [           main] INFO  internal.LobCreatorBuilderImpl  - HHH000423: Disabling contextual LOB creation as JDBC driver reported JDBC version [3] less than 4
2018-05-13 15:38:31,381 7408   [           main] WARN  rnal.SessionFactoryBuilderImpl  - Unrecognized hbm2ddl_auto value : none.  Supported values include create, create-drop, update, and validate.  Ignoring
2018-05-13 15:38:31,631 7658   [           main] INFO  ueryTranslatorFactoryInitiator  - HHH000397: Using ASTQueryTranslatorFactory
2018-05-13 15:38:31,682 7709   [           main] WARN  .hql.internal.ast.HqlSqlWalker  - [DEPRECATION] Encountered positional parameter near line 1, column 55 in HQL: [from com.crm_ssh_domain.domain.User where user_code = ?].  Positional parameter are considered deprecated; use named parameters or JPA-style positional parameters instead.
